2
2
2
2
2
1 Basic
2
2
2
2
2
2
2
2
2
2
2
2
2
1 Basic
2
1 Basic
2
2
2
2
1 Basic
2
0 Basic
2
2
0 Basic
2
0 Basic
2
2
2
2
2
0 Basic
2
2
1 Basic
0 Free
2
2
2
2
2
0 Basic
1 Basic
2
2
1 Basic
1 Basic
2
0 Basic
2
2
2
2
2
0 Free
0 Free
2
0 Basic
2
2
2
2
2
2
2
0 Free
0 Free
0 Free
1 Basic
2
2
2
2
2
1 Premium
2
0 Basic
0 Basic
1 Premium
2
2
2
0 Basic
0 Free
0 Basic
2
2
1 Premium
0 Free
1 Premium
2
1 Basic
0 Basic
2
0 Free
0 Free
2
1 Basic
0 Free
1 Premium
0 Premium
0 Free
0 Basic
1 Premium
2
1 Premium
2
1 Premium
2
2
1 Free
2
1 Premium
1 Basic
2
0 Basic
1 Premium
0 Premium
0 Basic
2
1 Premium
1 Premium
0 Premium
0 Premium
0 Basic
2
0 Free
1 Premium
0 Premium
1 Basic
1 Basic
1 Free
0 Premium
1 Basic
2
1 Basic
1 Premium
1 Free
1 Free
2
0 Basic
1 Basic
1 Free
0 Basic
0 Basic
2
0 Basic
2
2
0 Free
2
1 Premium
2
0 Basic
0 Premium
1 Premium
1 Basic
1 Premium
0 Premium
0 Basic
1 Basic
0 Premium
0 Free
2
0 Free
0 Premium
0 Free
1 Premium
1 Free
0 Free
1 Premium
1 Free
1 Premium
1 Premium
1 Basic
2
1 Premium
0 Free
0 Free
1 Free
1 Basic
0 Free
1 Free
1 Premium
0 Free
0 Free
1 Premium
1 Basic
0 Free
2
1 Premium
0 Basic
1 Premium
1 Free
1 Free
1 Basic
0 Premium
1 Premium
0 Premium
2
1 Basic
1 Basic
1 Basic
1 Premium
1 Basic
0 Basic
1 Free
1 Free
1 Premium
1 Free
1 Premium
0 Premium
1 Free
0 Free
1 Free
1 Premium
1 Basic
1 Free
0 Basic
1 Free
0 Basic
1 Free
1 Premium
1 Free
1 Free
1 Basic
1 Basic
0 Free
1 Basic
1 Basic
1 Free
1 Free
0 Free
0 Basic
2
2
0 Free
0 Free
1 Free
1 Premium
1 Premium
1 Basic
1 Premium
0 Premium
1 Premium
0 Free
0 Free
1 Free
1 Premium
0 Basic
1 Basic
0 Basic
1 Basic
1 Basic
1 Premium
0 Premium
2
0 Premium
1 Basic
0 Basic
1 Free
1 Basic
1 Basic
1 Free
1 Free
1 Free
1 Basic
1 Premium
1 Basic
1 Premium
1 Basic
1 Free
1 Free
1 Basic
1 Basic
1 Basic
0 Basic
1 Free
1 Premium
0 Basic
0 Basic
1 Premium
1 Premium
1 Free
1 Basic
0 Premium
0 Basic
0 Basic
1 Basic
0 Basic
0 Basic
1 Premium
0 Basic
1 Premium
1 Free
0 Free
1 Basic
0 Basic
1 Premium
1 Premium
